Using pre-set license
Built from '2020.3/staging' branch; Version is '2020.3.0f1 (c7b5465681fb) revision 13088070'; Using compiler version '192528614'; Build Type 'Release'
OS: 'Windows 10 Home; OS build 19042.867; Version 2009; 64bit' Language: 'en' Physical Memory: 16334 MB
BatchMode: 1, IsHumanControllingUs: 0, StartBugReporterOnCrash: 0, Is64bit: 1, IsPro: 0

 COMMAND LINE ARGUMENTS:
C:\Program Files\Unity\Hub\Editor\2020.3.0f1\Editor\Unity.exe
-adb2
-batchMode
-noUpm
-name
AssetImportWorker0
-projectPath
F:/Workspaces/UnityRelated/CubeSpawner/Unity_Sorting_Algorithms
-logFile
Logs/AssetImportWorker0.log
-srvPort
55753
Successfully changed project path to: F:/Workspaces/UnityRelated/CubeSpawner/Unity_Sorting_Algorithms
F:/Workspaces/UnityRelated/CubeSpawner/Unity_Sorting_Algorithms
Using Asset Import Pipeline V2.
Refreshing native plugins compatible for Editor in 27.26 ms, found 0 plugins.
Preloading 0 native plugins for Editor in 0.00 ms.
Initialize engine version: 2020.3.0f1 (c7b5465681fb)
[Subsystems] Discovering subsystems at path C:/Program Files/Unity/Hub/Editor/2020.3.0f1/Editor/Data/Resources/UnitySubsystems
[Subsystems] Discovering subsystems at path F:/Workspaces/UnityRelated/CubeSpawner/Unity_Sorting_Algorithms/Assets
GfxDevice: creating device client; threaded=0
Direct3D:
    Version:  Direct3D 11.0 [level 11.1]
    Renderer: NVIDIA GeForce GTX 1060 (ID=0x1c60)
    Vendor:   
    VRAM:     6052 MB
    Driver:   27.21.14.6109
Initialize mono
Mono path[0] = 'C:/Program Files/Unity/Hub/Editor/2020.3.0f1/Editor/Data/Managed'
Mono path[1] = 'C:/Program Files/Unity/Hub/Editor/2020.3.0f1/Editor/Data/MonoBleedingEdge/lib/mono/unityjit'
Mono config path = 'C:/Program Files/Unity/Hub/Editor/2020.3.0f1/Editor/Data/MonoBleedingEdge/etc'
Using monoOptions --debugger-agent=transport=dt_socket,embedding=1,server=y,suspend=n,address=127.0.0.1:56128
Begin MonoManager ReloadAssembly
Registering precompiled unity dll's ...
Register platform support module: C:/Program Files/Unity/Hub/Editor/2020.3.0f1/Editor/Data/PlaybackEngines/WindowsStandaloneSupport/UnityEditor.WindowsStandalone.Extensions.dll
Registered in 0.002712 seconds.
Native extension for WindowsStandalone target not found
Refreshing native plugins compatible for Editor in 25.05 ms, found 0 plugins.
Preloading 0 native plugins for Editor in 0.00 ms.
Invoked RoslynAnalysisRunner static constructor.
RoslynAnalysisRunner will not be running.
RoslynAnalysisRunner has terminated.
Mono: successfully reloaded assembly
- Completed reload, in  1.797 seconds
Platform modules already initialized, skipping
Registering precompiled user dll's ...
Registered in 0.000702 seconds.
Begin MonoManager ReloadAssembly
Native extension for WindowsStandalone target not found
Refreshing native plugins compatible for Editor in 0.28 ms, found 0 plugins.
Preloading 0 native plugins for Editor in 0.00 ms.
Invoked RoslynAnalysisRunner static constructor.
RoslynAnalysisRunner will not be running.
RoslynAnalysisRunner has terminated.
Mono: successfully reloaded assembly
- Completed reload, in  1.391 seconds
Platform modules already initialized, skipping
========================================================================
Worker process is ready to serve import requests
Launched and connected shader compiler UnityShaderCompiler.exe after 0.06 seconds
Refreshing native plugins compatible for Editor in 0.20 ms, found 0 plugins.
Preloading 0 native plugins for Editor in 0.00 ms.
Unloading 1119 Unused Serialized files (Serialized files now loaded: 0)
System memory in use before: 73.5 MB.
System memory in use after: 73.5 MB.

Unloading 10 unused Assets to reduce memory usage. Loaded Objects now: 1578.
Total: 1.799200 ms (FindLiveObjects: 0.175200 ms CreateObjectMapping: 0.049600 ms MarkObjects: 1.461300 ms  DeleteObjects: 0.111100 ms)

========================================================================
Received Import Request.
  path: Assets/Scripts/VisualSort.cs
  artifactKey: Guid(c70846107c6247440b845a396ceb5a3c) Importer(815301076,1909f56bfc062723c751e8b465ee728b)
Start importing Assets/Scripts/VisualSort.cs using Guid(c70846107c6247440b845a396ceb5a3c) Importer(815301076,1909f56bfc062723c751e8b465ee728b)  -> (artifact id: '8da3fff0689fcbac4470696d03ec2151') in 0.098661 seconds
  Import took 0.110630 seconds .

========================================================================
Received Import Request.
  Time since last request: 196.724642 seconds.
  path: Assets/Scripts/VisualSort.cs
  artifactKey: Guid(c70846107c6247440b845a396ceb5a3c) Importer(815301076,1909f56bfc062723c751e8b465ee728b)
Start importing Assets/Scripts/VisualSort.cs using Guid(c70846107c6247440b845a396ceb5a3c) Importer(815301076,1909f56bfc062723c751e8b465ee728b)  -> (artifact id: 'c676a1b9c883d78119a7cc0b69372dae') in 0.002818 seconds
  Import took 0.006194 seconds .

========================================================================
Received Import Request.
  Time since last request: 8.146043 seconds.
  path: Assets/Scripts/VisualSort.cs
  artifactKey: Guid(c70846107c6247440b845a396ceb5a3c) Importer(815301076,1909f56bfc062723c751e8b465ee728b)
Start importing Assets/Scripts/VisualSort.cs using Guid(c70846107c6247440b845a396ceb5a3c) Importer(815301076,1909f56bfc062723c751e8b465ee728b)  -> (artifact id: '46f8a3123a619512c01de50caf2dd30f') in 0.003068 seconds
  Import took 0.005711 seconds .

========================================================================
Received Import Request.
  Time since last request: 7.772082 seconds.
  path: Assets/Scripts/VisualSort.cs
  artifactKey: Guid(c70846107c6247440b845a396ceb5a3c) Importer(815301076,1909f56bfc062723c751e8b465ee728b)
Start importing Assets/Scripts/VisualSort.cs using Guid(c70846107c6247440b845a396ceb5a3c) Importer(815301076,1909f56bfc062723c751e8b465ee728b)  -> (artifact id: 'efd2551d75b4494774bbdcbd968dc87d') in 0.004543 seconds
  Import took 0.008079 seconds .

========================================================================
Received Import Request.
  Time since last request: 3.951357 seconds.
  path: Assets/Scripts/VisualSort.cs
  artifactKey: Guid(c70846107c6247440b845a396ceb5a3c) Importer(815301076,1909f56bfc062723c751e8b465ee728b)
Start importing Assets/Scripts/VisualSort.cs using Guid(c70846107c6247440b845a396ceb5a3c) Importer(815301076,1909f56bfc062723c751e8b465ee728b)  -> (artifact id: '16e9cbb22ba36ae5aca6c7c52e9ed996') in 0.002708 seconds
  Import took 0.005153 seconds .

========================================================================
Received Import Request.
  Time since last request: 9.710698 seconds.
  path: Assets/Scripts/VisualSort.cs
  artifactKey: Guid(c70846107c6247440b845a396ceb5a3c) Importer(815301076,1909f56bfc062723c751e8b465ee728b)
Start importing Assets/Scripts/VisualSort.cs using Guid(c70846107c6247440b845a396ceb5a3c) Importer(815301076,1909f56bfc062723c751e8b465ee728b)  -> (artifact id: '044acc73bdbb504b4a6129f73c58c88f') in 0.002660 seconds
  Import took 0.004869 seconds .

========================================================================
Received Import Request.
  Time since last request: 27.529539 seconds.
  path: Assets/Scripts/VisualSort.cs
  artifactKey: Guid(c70846107c6247440b845a396ceb5a3c) Importer(815301076,1909f56bfc062723c751e8b465ee728b)
Start importing Assets/Scripts/VisualSort.cs using Guid(c70846107c6247440b845a396ceb5a3c) Importer(815301076,1909f56bfc062723c751e8b465ee728b)  -> (artifact id: 'f9fc4b493e1ce500725db82960685680') in 0.003013 seconds
  Import took 0.005492 seconds .

========================================================================
Received Import Request.
  Time since last request: 5.792222 seconds.
  path: Assets/Scripts/VisualSort.cs
  artifactKey: Guid(c70846107c6247440b845a396ceb5a3c) Importer(815301076,1909f56bfc062723c751e8b465ee728b)
Start importing Assets/Scripts/VisualSort.cs using Guid(c70846107c6247440b845a396ceb5a3c) Importer(815301076,1909f56bfc062723c751e8b465ee728b)  -> (artifact id: 'f9db6af3c1e49cae0c54330a75891ebc') in 0.002897 seconds
  Import took 0.005165 seconds .

========================================================================
Received Import Request.
  Time since last request: 23.127702 seconds.
  path: Assets/Scripts/VisualSort.cs
  artifactKey: Guid(c70846107c6247440b845a396ceb5a3c) Importer(815301076,1909f56bfc062723c751e8b465ee728b)
Start importing Assets/Scripts/VisualSort.cs using Guid(c70846107c6247440b845a396ceb5a3c) Importer(815301076,1909f56bfc062723c751e8b465ee728b)  -> (artifact id: '25ffc30b7a974004577c2864451c4724') in 0.003325 seconds
  Import took 0.006355 seconds .

========================================================================
Received Prepare
Registering precompiled user dll's ...
Registered in 0.000944 seconds.
Begin MonoManager ReloadAssembly
Native extension for WindowsStandalone target not found
Refreshing native plugins compatible for Editor in 0.31 ms, found 0 plugins.
Preloading 0 native plugins for Editor in 0.00 ms.
Invoked RoslynAnalysisRunner static constructor.
RoslynAnalysisRunner will not be running.
RoslynAnalysisRunner has terminated.
Mono: successfully reloaded assembly
- Completed reload, in  1.151 seconds
Platform modules already initialized, skipping
Refreshing native plugins compatible for Editor in 0.21 ms, found 0 plugins.
Preloading 0 native plugins for Editor in 0.00 ms.
Unloading 1114 Unused Serialized files (Serialized files now loaded: 0)
System memory in use before: 73.4 MB.
System memory in use after: 73.5 MB.

Unloading 5 unused Assets to reduce memory usage. Loaded Objects now: 1581.
Total: 2.749200 ms (FindLiveObjects: 0.305900 ms CreateObjectMapping: 0.095400 ms MarkObjects: 2.244300 ms  DeleteObjects: 0.101600 ms)

========================================================================
Received Prepare
Registering precompiled user dll's ...
Registered in 0.000623 seconds.
Begin MonoManager ReloadAssembly
Native extension for WindowsStandalone target not found
Refreshing native plugins compatible for Editor in 0.46 ms, found 0 plugins.
Preloading 0 native plugins for Editor in 0.00 ms.
Invoked RoslynAnalysisRunner static constructor.
RoslynAnalysisRunner will not be running.
RoslynAnalysisRunner has terminated.
Mono: successfully reloaded assembly
- Completed reload, in  1.063 seconds
Platform modules already initialized, skipping
Refreshing native plugins compatible for Editor in 0.20 ms, found 0 plugins.
Preloading 0 native plugins for Editor in 0.00 ms.
Unloading 1114 Unused Serialized files (Serialized files now loaded: 0)
System memory in use before: 73.5 MB.
System memory in use after: 73.5 MB.

Unloading 5 unused Assets to reduce memory usage. Loaded Objects now: 1584.
Total: 2.569300 ms (FindLiveObjects: 0.195500 ms CreateObjectMapping: 0.041000 ms MarkObjects: 2.252900 ms  DeleteObjects: 0.078700 ms)

========================================================================
Received Import Request.
  Time since last request: 18.786120 seconds.
  path: Assets/Scripts/VisualSort.cs
  artifactKey: Guid(c70846107c6247440b845a396ceb5a3c) Importer(815301076,1909f56bfc062723c751e8b465ee728b)
Start importing Assets/Scripts/VisualSort.cs using Guid(c70846107c6247440b845a396ceb5a3c) Importer(815301076,1909f56bfc062723c751e8b465ee728b)  -> (artifact id: '937f2913834e15c280125cc29abb52be') in 0.005702 seconds
  Import took 0.009232 seconds .

========================================================================
Received Prepare
Registering precompiled user dll's ...
Registered in 0.000659 seconds.
Begin MonoManager ReloadAssembly
Native extension for WindowsStandalone target not found
Refreshing native plugins compatible for Editor in 0.20 ms, found 0 plugins.
Preloading 0 native plugins for Editor in 0.00 ms.
Invoked RoslynAnalysisRunner static constructor.
RoslynAnalysisRunner will not be running.
RoslynAnalysisRunner has terminated.
Mono: successfully reloaded assembly
- Completed reload, in  1.047 seconds
Platform modules already initialized, skipping
Refreshing native plugins compatible for Editor in 0.19 ms, found 0 plugins.
Preloading 0 native plugins for Editor in 0.00 ms.
Unloading 1114 Unused Serialized files (Serialized files now loaded: 0)
System memory in use before: 73.5 MB.
System memory in use after: 73.6 MB.

Unloading 5 unused Assets to reduce memory usage. Loaded Objects now: 1587.
Total: 2.792100 ms (FindLiveObjects: 0.222500 ms CreateObjectMapping: 0.068900 ms MarkObjects: 2.337800 ms  DeleteObjects: 0.161200 ms)

========================================================================
Received Prepare
Registering precompiled user dll's ...
Registered in 0.000642 seconds.
Begin MonoManager ReloadAssembly
Native extension for WindowsStandalone target not found
Refreshing native plugins compatible for Editor in 0.34 ms, found 0 plugins.
Preloading 0 native plugins for Editor in 0.00 ms.
Invoked RoslynAnalysisRunner static constructor.
RoslynAnalysisRunner will not be running.
RoslynAnalysisRunner has terminated.
Mono: successfully reloaded assembly
- Completed reload, in  1.021 seconds
Platform modules already initialized, skipping
Refreshing native plugins compatible for Editor in 0.20 ms, found 0 plugins.
Preloading 0 native plugins for Editor in 0.00 ms.
Unloading 1114 Unused Serialized files (Serialized files now loaded: 0)
System memory in use before: 73.5 MB.
System memory in use after: 73.6 MB.

Unloading 5 unused Assets to reduce memory usage. Loaded Objects now: 1590.
Total: 2.406300 ms (FindLiveObjects: 0.341000 ms CreateObjectMapping: 0.103500 ms MarkObjects: 1.844600 ms  DeleteObjects: 0.115900 ms)

========================================================================
Received Prepare
Registering precompiled user dll's ...
Registered in 0.000699 seconds.
Begin MonoManager ReloadAssembly
Native extension for WindowsStandalone target not found
Refreshing native plugins compatible for Editor in 0.20 ms, found 0 plugins.
Preloading 0 native plugins for Editor in 0.00 ms.
Invoked RoslynAnalysisRunner static constructor.
RoslynAnalysisRunner will not be running.
RoslynAnalysisRunner has terminated.
Mono: successfully reloaded assembly
- Completed reload, in  1.034 seconds
Platform modules already initialized, skipping
Refreshing native plugins compatible for Editor in 0.20 ms, found 0 plugins.
Preloading 0 native plugins for Editor in 0.00 ms.
Unloading 1114 Unused Serialized files (Serialized files now loaded: 0)
System memory in use before: 73.5 MB.
System memory in use after: 73.6 MB.

Unloading 5 unused Assets to reduce memory usage. Loaded Objects now: 1593.
Total: 2.547800 ms (FindLiveObjects: 0.266700 ms CreateObjectMapping: 0.051400 ms MarkObjects: 2.164500 ms  DeleteObjects: 0.064000 ms)

========================================================================
Received Prepare
Registering precompiled user dll's ...
Registered in 0.001094 seconds.
Begin MonoManager ReloadAssembly
Native extension for WindowsStandalone target not found
Refreshing native plugins compatible for Editor in 0.49 ms, found 0 plugins.
Preloading 0 native plugins for Editor in 0.00 ms.
Invoked RoslynAnalysisRunner static constructor.
RoslynAnalysisRunner will not be running.
RoslynAnalysisRunner has terminated.
Mono: successfully reloaded assembly
- Completed reload, in  1.269 seconds
Platform modules already initialized, skipping
Refreshing native plugins compatible for Editor in 0.27 ms, found 0 plugins.
Preloading 0 native plugins for Editor in 0.00 ms.
Unloading 1114 Unused Serialized files (Serialized files now loaded: 0)
System memory in use before: 73.5 MB.
System memory in use after: 73.6 MB.

Unloading 5 unused Assets to reduce memory usage. Loaded Objects now: 1596.
Total: 2.237600 ms (FindLiveObjects: 0.292300 ms CreateObjectMapping: 0.086100 ms MarkObjects: 1.790400 ms  DeleteObjects: 0.066600 ms)

========================================================================
Received Prepare
Registering precompiled user dll's ...
Registered in 0.000691 seconds.
Begin MonoManager ReloadAssembly
Native extension for WindowsStandalone target not found
Refreshing native plugins compatible for Editor in 0.31 ms, found 0 plugins.
Preloading 0 native plugins for Editor in 0.00 ms.
Invoked RoslynAnalysisRunner static constructor.
RoslynAnalysisRunner will not be running.
RoslynAnalysisRunner has terminated.
Mono: successfully reloaded assembly
- Completed reload, in  1.014 seconds
Platform modules already initialized, skipping
Refreshing native plugins compatible for Editor in 0.23 ms, found 0 plugins.
Preloading 0 native plugins for Editor in 0.00 ms.
Unloading 1114 Unused Serialized files (Serialized files now loaded: 0)
System memory in use before: 73.5 MB.
System memory in use after: 73.6 MB.

Unloading 5 unused Assets to reduce memory usage. Loaded Objects now: 1599.
Total: 3.474600 ms (FindLiveObjects: 0.377000 ms CreateObjectMapping: 0.049600 ms MarkObjects: 2.979300 ms  DeleteObjects: 0.066100 ms)

AssetImportWorkerClient::OnTransportError - code=2 error=End of file
